<?xml version="1.0" encoding="UTF-8"?>
<!-- Generated by org.testng.reporters.JUnitReportReporter -->
<testsuite hostname="DESKTOP-1FL19G8" failures="0" tests="2" name="loginTask.Act_global.Login_page" time="0.847" errors="0" timestamp="2021-11-09T16:41:45 EET" skipped="0">
  <testcase classname="loginTask.Act_global.Login_page" name="login" time="0.471"/>
  <system-out/>
  <testcase classname="loginTask.Act_global.Login_page" name="login2" time="0.376"/>
  <system-out/>
</testsuite> <!-- loginTask.Act_global.Login_page -->
